
extDB3: https://bitbucket.org/torndeco/extdb3/wiki/Home
extDB3: Version: 1.031
extDB3: Windows Version
Message: All development for extDB3 is done on a Linux Dedicated Server
Message: If you would like to Donate to extDB3 Development
Message: https://www.paypal.com/cgi-bin/webscr?cmd=_s-xclick&hosted_button_id=2SUEFTGABTAM2
Message: Also leave a message if there is any particular feature you would like to see added.
Message: Thanks for all the people that have donated.
Message: Torndeco: 18/05/15


extDB3: Found extdb3-conf.ini
extDB3: Detected 12 Cores, Setting up 6 Worker Threads
extDB3: ...
extDB3: ...
extDB3: ...
extDB3: ...
extDB3: ...
extDB3: ...


[09:34:43:004337 +01:00] [Thread 5304] extDB3: SQL: Initialized: Add Quotes around TEXT Datatypes mode: 2
[09:34:43:004573 +01:00] [Thread 5304] extDB3: SQL: Initialized: NULL = ""
[09:34:43:004604 +01:00] [Thread 5304] extDB3: Locked
[09:34:43:048285 +01:00] [Thread 6556] extDB3: SQL: Error MariaDBQueryException: Table 'altislife.ah' doesn't exist
[09:34:43:048311 +01:00] [Thread 6556] extDB3: SQL: Error MariaDBQueryException: Input: SELECT id, type, amount, item, price, seller, sellername, status, time FROM ah
[09:35:09:982307 +01:00] [Thread 6556] extDB3: SQL: Error MariaDBQueryException: Unknown column 'banking_pin' in 'field list'
[09:35:09:982338 +01:00] [Thread 6556] extDB3: SQL: Error MariaDBQueryException: Input: SELECT pid, name, cash, bankacc, adminlevel, donorlevel, civ_licenses, arrested, civ_gear, civ_stats, civ_alive, civ_position, playtime, banking_pin FROM players WHERE pid='76561198039318699'
[09:35:10:179818 +01:00] [Thread 6556] extDB3: SQL: Error MariaDBQueryException: Unknown column 'banking_pin' in 'field list'
[09:35:10:179843 +01:00] [Thread 6556] extDB3: SQL: Error MariaDBQueryException: Input: SELECT pid, name, cash, bankacc, adminlevel, donorlevel, civ_licenses, arrested, civ_gear, civ_stats, civ_alive, civ_position, playtime, banking_pin FROM players WHERE pid='76561198039318699'
[09:35:10:377106 +01:00] [Thread 6556] extDB3: SQL: Error MariaDBQueryException: Unknown column 'banking_pin' in 'field list'
[09:35:10:377130 +01:00] [Thread 6556] extDB3: SQL: Error MariaDBQueryException: Input: SELECT pid, name, cash, bankacc, adminlevel, donorlevel, civ_licenses, arrested, civ_gear, civ_stats, civ_alive, civ_position, playtime, banking_pin FROM players WHERE pid='76561198039318699'
[09:35:10:574752 +01:00] [Thread 6556] extDB3: SQL: Error MariaDBQueryException: Unknown column 'banking_pin' in 'field list'
[09:35:10:574775 +01:00] [Thread 6556] extDB3: SQL: Error MariaDBQueryException: Input: SELECT pid, name, cash, bankacc, adminlevel, donorlevel, civ_licenses, arrested, civ_gear, civ_stats, civ_alive, civ_position, playtime, banking_pin FROM players WHERE pid='76561198039318699'
[09:35:10:772648 +01:00] [Thread 6556] extDB3: SQL: Error MariaDBQueryException: Unknown column 'banking_pin' in 'field list'
[09:35:10:772673 +01:00] [Thread 6556] extDB3: SQL: Error MariaDBQueryException: Input: SELECT pid, name, cash, bankacc, adminlevel, donorlevel, civ_licenses, arrested, civ_gear, civ_stats, civ_alive, civ_position, playtime, banking_pin FROM players WHERE pid='76561198039318699'
[09:35:10:969909 +01:00] [Thread 6556] extDB3: SQL: Error MariaDBQueryException: Unknown column 'banking_pin' in 'field list'
[09:35:10:969930 +01:00] [Thread 6556] extDB3: SQL: Error MariaDBQueryException: Input: SELECT pid, name, cash, bankacc, adminlevel, donorlevel, civ_licenses, arrested, civ_gear, civ_stats, civ_alive, civ_position, playtime, banking_pin FROM players WHERE pid='76561198039318699'
[09:35:11:167502 +01:00] [Thread 6556] extDB3: SQL: Error MariaDBQueryException: Unknown column 'banking_pin' in 'field list'
[09:35:11:167530 +01:00] [Thread 6556] extDB3: SQL: Error MariaDBQueryException: Input: SELECT pid, name, cash, bankacc, adminlevel, donorlevel, civ_licenses, arrested, civ_gear, civ_stats, civ_alive, civ_position, playtime, banking_pin FROM players WHERE pid='76561198039318699'
[09:35:11:399559 +01:00] [Thread 6556] extDB3: SQL: Error MariaDBQueryException: Unknown column 'banking_pin' in 'field list'
[09:35:11:399629 +01:00] [Thread 6556] extDB3: SQL: Error MariaDBQueryException: Input: SELECT pid, name, cash, bankacc, adminlevel, donorlevel, civ_licenses, arrested, civ_gear, civ_stats, civ_alive, civ_position, playtime, banking_pin FROM players WHERE pid='76561198039318699'
[09:35:12:506070 +01:00] [Thread 6556] extDB3: SQL: Error MariaDBQueryException: Unknown column 'banking_pin' in 'field list'
[09:35:12:506102 +01:00] [Thread 6556] extDB3: SQL: Error MariaDBQueryException: Input: SELECT pid, name, cash, bankacc, adminlevel, donorlevel, civ_licenses, arrested, civ_gear, civ_stats, civ_alive, civ_position, playtime, banking_pin FROM players WHERE pid='76561198039318699'
[09:35:12:764144 +01:00] [Thread 6556] extDB3: SQL: Error MariaDBQueryException: Unknown column 'banking_pin' in 'field list'
[09:35:12:764230 +01:00] [Thread 6556] extDB3: SQL: Error MariaDBQueryException: Input: SELECT pid, name, cash, bankacc, adminlevel, donorlevel, civ_licenses, arrested, civ_gear, civ_stats, civ_alive, civ_position, playtime, banking_pin FROM players WHERE pid='76561198039318699'
[09:35:12:944445 +01:00] [Thread 6556] extDB3: SQL: Error MariaDBQueryException: Unknown column 'banking_pin' in 'field list'
[09:35:12:944477 +01:00] [Thread 6556] extDB3: SQL: Error MariaDBQueryException: Input: SELECT pid, name, cash, bankacc, adminlevel, donorlevel, civ_licenses, arrested, civ_gear, civ_stats, civ_alive, civ_position, playtime, banking_pin FROM players WHERE pid='76561198039318699'
[09:35:13:204285 +01:00] [Thread 6556] extDB3: SQL: Error MariaDBQueryException: Unknown column 'banking_pin' in 'field list'
[09:35:13:204310 +01:00] [Thread 6556] extDB3: SQL: Error MariaDBQueryException: Input: SELECT pid, name, cash, bankacc, adminlevel, donorlevel, civ_licenses, arrested, civ_gear, civ_stats, civ_alive, civ_position, playtime, banking_pin FROM players WHERE pid='76561198039318699'
[09:35:13:398592 +01:00] [Thread 6556] extDB3: SQL: Error MariaDBQueryException: Unknown column 'banking_pin' in 'field list'
[09:35:13:398620 +01:00] [Thread 6556] extDB3: SQL: Error MariaDBQueryException: Input: SELECT pid, name, cash, bankacc, adminlevel, donorlevel, civ_licenses, arrested, civ_gear, civ_stats, civ_alive, civ_position, playtime, banking_pin FROM players WHERE pid='76561198039318699'
[09:35:13:617544 +01:00] [Thread 6556] extDB3: SQL: Error MariaDBQueryException: Unknown column 'banking_pin' in 'field list'
[09:35:13:617579 +01:00] [Thread 6556] extDB3: SQL: Error MariaDBQueryException: Input: SELECT pid, name, cash, bankacc, adminlevel, donorlevel, civ_licenses, arrested, civ_gear, civ_stats, civ_alive, civ_position, playtime, banking_pin FROM players WHERE pid='76561198039318699'
[09:35:13:851296 +01:00] [Thread 6556] extDB3: SQL: Error MariaDBQueryException: Unknown column 'banking_pin' in 'field list'
[09:35:13:851346 +01:00] [Thread 6556] extDB3: SQL: Error MariaDBQueryException: Input: SELECT pid, name, cash, bankacc, adminlevel, donorlevel, civ_licenses, arrested, civ_gear, civ_stats, civ_alive, civ_position, playtime, banking_pin FROM players WHERE pid='76561198039318699'
[09:35:14:042323 +01:00] [Thread 6556] extDB3: SQL: Error MariaDBQueryException: Unknown column 'banking_pin' in 'field list'
[09:35:14:042392 +01:00] [Thread 6556] extDB3: SQL: Error MariaDBQueryException: Input: SELECT pid, name, cash, bankacc, adminlevel, donorlevel, civ_licenses, arrested, civ_gear, civ_stats, civ_alive, civ_position, playtime, banking_pin FROM players WHERE pid='76561198039318699'
[09:35:14:301107 +01:00] [Thread 6556] extDB3: SQL: Error MariaDBQueryException: Unknown column 'banking_pin' in 'field list'
[09:35:14:301150 +01:00] [Thread 6556] extDB3: SQL: Error MariaDBQueryException: Input: SELECT pid, name, cash, bankacc, adminlevel, donorlevel, civ_licenses, arrested, civ_gear, civ_stats, civ_alive, civ_position, playtime, banking_pin FROM players WHERE pid='76561198039318699'
[09:35:14:503971 +01:00] [Thread 6556] extDB3: SQL: Error MariaDBQueryException: Unknown column 'banking_pin' in 'field list'
[09:35:14:504093 +01:00] [Thread 6556] extDB3: SQL: Error MariaDBQueryException: Input: SELECT pid, name, cash, bankacc, adminlevel, donorlevel, civ_licenses, arrested, civ_gear, civ_stats, civ_alive, civ_position, playtime, banking_pin FROM players WHERE pid='76561198039318699'
[09:35:14:757816 +01:00] [Thread 6556] extDB3: SQL: Error MariaDBQueryException: Unknown column 'banking_pin' in 'field list'
[09:35:14:757875 +01:00] [Thread 6556] extDB3: SQL: Error MariaDBQueryException: Input: SELECT pid, name, cash, bankacc, adminlevel, donorlevel, civ_licenses, arrested, civ_gear, civ_stats, civ_alive, civ_position, playtime, banking_pin FROM players WHERE pid='76561198039318699'
[09:35:14:947843 +01:00] [Thread 6556] extDB3: SQL: Error MariaDBQueryException: Unknown column 'banking_pin' in 'field list'
[09:35:14:947874 +01:00] [Thread 6556] extDB3: SQL: Error MariaDBQueryException: Input: SELECT pid, name, cash, bankacc, adminlevel, donorlevel, civ_licenses, arrested, civ_gear, civ_stats, civ_alive, civ_position, playtime, banking_pin FROM players WHERE pid='76561198039318699'
[09:35:15:203535 +01:00] [Thread 6556] extDB3: SQL: Error MariaDBQueryException: Unknown column 'banking_pin' in 'field list'
[09:35:15:203574 +01:00] [Thread 6556] extDB3: SQL: Error MariaDBQueryException: Input: SELECT pid, name, cash, bankacc, adminlevel, donorlevel, civ_licenses, arrested, civ_gear, civ_stats, civ_alive, civ_position, playtime, banking_pin FROM players WHERE pid='76561198039318699'
[09:35:15:401562 +01:00] [Thread 6556] extDB3: SQL: Error MariaDBQueryException: Unknown column 'banking_pin' in 'field list'
[09:35:15:401611 +01:00] [Thread 6556] extDB3: SQL: Error MariaDBQueryException: Input: SELECT pid, name, cash, bankacc, adminlevel, donorlevel, civ_licenses, arrested, civ_gear, civ_stats, civ_alive, civ_position, playtime, banking_pin FROM players WHERE pid='76561198039318699'
[09:35:15:687195 +01:00] [Thread 6556] extDB3: SQL: Error MariaDBQueryException: Unknown column 'banking_pin' in 'field list'
[09:35:15:687231 +01:00] [Thread 6556] extDB3: SQL: Error MariaDBQueryException: Input: SELECT pid, name, cash, bankacc, adminlevel, donorlevel, civ_licenses, arrested, civ_gear, civ_stats, civ_alive, civ_position, playtime, banking_pin FROM players WHERE pid='76561198039318699'
[09:35:15:888484 +01:00] [Thread 6556] extDB3: SQL: Error MariaDBQueryException: Unknown column 'banking_pin' in 'field list'
[09:35:15:888525 +01:00] [Thread 6556] extDB3: SQL: Error MariaDBQueryException: Input: SELECT pid, name, cash, bankacc, adminlevel, donorlevel, civ_licenses, arrested, civ_gear, civ_stats, civ_alive, civ_position, playtime, banking_pin FROM players WHERE pid='76561198039318699'
[09:35:16:081280 +01:00] [Thread 6556] extDB3: SQL: Error MariaDBQueryException: Unknown column 'banking_pin' in 'field list'
[09:35:16:081313 +01:00] [Thread 6556] extDB3: SQL: Error MariaDBQueryException: Input: SELECT pid, name, cash, bankacc, adminlevel, donorlevel, civ_licenses, arrested, civ_gear, civ_stats, civ_alive, civ_position, playtime, banking_pin FROM players WHERE pid='76561198039318699'
[09:35:16:310365 +01:00] [Thread 6556] extDB3: SQL: Error MariaDBQueryException: Unknown column 'banking_pin' in 'field list'
[09:35:16:310402 +01:00] [Thread 6556] extDB3: SQL: Error MariaDBQueryException: Input: SELECT pid, name, cash, bankacc, adminlevel, donorlevel, civ_licenses, arrested, civ_gear, civ_stats, civ_alive, civ_position, playtime, banking_pin FROM players WHERE pid='76561198039318699'
[09:35:16:503627 +01:00] [Thread 6556] extDB3: SQL: Error MariaDBQueryException: Unknown column 'banking_pin' in 'field list'
[09:35:16:503661 +01:00] [Thread 6556] extDB3: SQL: Error MariaDBQueryException: Input: SELECT pid, name, cash, bankacc, adminlevel, donorlevel, civ_licenses, arrested, civ_gear, civ_stats, civ_alive, civ_position, playtime, banking_pin FROM players WHERE pid='76561198039318699'
[09:35:16:726958 +01:00] [Thread 6556] extDB3: SQL: Error MariaDBQueryException: Unknown column 'banking_pin' in 'field list'
[09:35:16:726997 +01:00] [Thread 6556] extDB3: SQL: Error MariaDBQueryException: Input: SELECT pid, name, cash, bankacc, adminlevel, donorlevel, civ_licenses, arrested, civ_gear, civ_stats, civ_alive, civ_position, playtime, banking_pin FROM players WHERE pid='76561198039318699'
[09:35:17:026244 +01:00] [Thread 6556] extDB3: SQL: Error MariaDBQueryException: Unknown column 'banking_pin' in 'field list'
[09:35:17:026274 +01:00] [Thread 6556] extDB3: SQL: Error MariaDBQueryException: Input: SELECT pid, name, cash, bankacc, adminlevel, donorlevel, civ_licenses, arrested, civ_gear, civ_stats, civ_alive, civ_position, playtime, banking_pin FROM players WHERE pid='76561198039318699'
[09:35:17:311886 +01:00] [Thread 6556] extDB3: SQL: Error MariaDBQueryException: Unknown column 'banking_pin' in 'field list'
[09:35:17:311922 +01:00] [Thread 6556] extDB3: SQL: Error MariaDBQueryException: Input: SELECT pid, name, cash, bankacc, adminlevel, donorlevel, civ_licenses, arrested, civ_gear, civ_stats, civ_alive, civ_position, playtime, banking_pin FROM players WHERE pid='76561198039318699'
[09:35:17:529248 +01:00] [Thread 6556] extDB3: SQL: Error MariaDBQueryException: Unknown column 'banking_pin' in 'field list'
[09:35:17:529279 +01:00] [Thread 6556] extDB3: SQL: Error MariaDBQueryException: Input: SELECT pid, name, cash, bankacc, adminlevel, donorlevel, civ_licenses, arrested, civ_gear, civ_stats, civ_alive, civ_position, playtime, banking_pin FROM players WHERE pid='76561198039318699'
[09:35:17:794182 +01:00] [Thread 6556] extDB3: SQL: Error MariaDBQueryException: Unknown column 'banking_pin' in 'field list'
[09:35:17:794209 +01:00] [Thread 6556] extDB3: SQL: Error MariaDBQueryException: Input: SELECT pid, name, cash, bankacc, adminlevel, donorlevel, civ_licenses, arrested, civ_gear, civ_stats, civ_alive, civ_position, playtime, banking_pin FROM players WHERE pid='76561198039318699'
[09:35:17:989779 +01:00] [Thread 6556] extDB3: SQL: Error MariaDBQueryException: Unknown column 'banking_pin' in 'field list'
[09:35:17:989810 +01:00] [Thread 6556] extDB3: SQL: Error MariaDBQueryException: Input: SELECT pid, name, cash, bankacc, adminlevel, donorlevel, civ_licenses, arrested, civ_gear, civ_stats, civ_alive, civ_position, playtime, banking_pin FROM players WHERE pid='76561198039318699'
[09:35:18:210090 +01:00] [Thread 6556] extDB3: SQL: Error MariaDBQueryException: Unknown column 'banking_pin' in 'field list'
[09:35:18:210126 +01:00] [Thread 6556] extDB3: SQL: Error MariaDBQueryException: Input: SELECT pid, name, cash, bankacc, adminlevel, donorlevel, civ_licenses, arrested, civ_gear, civ_stats, civ_alive, civ_position, playtime, banking_pin FROM players WHERE pid='76561198039318699'
[09:35:18:428886 +01:00] [Thread 6556] extDB3: SQL: Error MariaDBQueryException: Unknown column 'banking_pin' in 'field list'
[09:35:18:428919 +01:00] [Thread 6556] extDB3: SQL: Error MariaDBQueryException: Input: SELECT pid, name, cash, bankacc, adminlevel, donorlevel, civ_licenses, arrested, civ_gear, civ_stats, civ_alive, civ_position, playtime, banking_pin FROM players WHERE pid='76561198039318699'
[09:35:18:693019 +01:00] [Thread 6556] extDB3: SQL: Error MariaDBQueryException: Unknown column 'banking_pin' in 'field list'
[09:35:18:693043 +01:00] [Thread 6556] extDB3: SQL: Error MariaDBQueryException: Input: SELECT pid, name, cash, bankacc, adminlevel, donorlevel, civ_licenses, arrested, civ_gear, civ_stats, civ_alive, civ_position, playtime, banking_pin FROM players WHERE pid='76561198039318699'
[09:35:18:956846 +01:00] [Thread 6556] extDB3: SQL: Error MariaDBQueryException: Unknown column 'banking_pin' in 'field list'
[09:35:18:956877 +01:00] [Thread 6556] extDB3: SQL: Error MariaDBQueryException: Input: SELECT pid, name, cash, bankacc, adminlevel, donorlevel, civ_licenses, arrested, civ_gear, civ_stats, civ_alive, civ_position, playtime, banking_pin FROM players WHERE pid='76561198039318699'
[09:35:19:173935 +01:00] [Thread 6556] extDB3: SQL: Error MariaDBQueryException: Unknown column 'banking_pin' in 'field list'
[09:35:19:174006 +01:00] [Thread 6556] extDB3: SQL: Error MariaDBQueryException: Input: SELECT pid, name, cash, bankacc, adminlevel, donorlevel, civ_licenses, arrested, civ_gear, civ_stats, civ_alive, civ_position, playtime, banking_pin FROM players WHERE pid='76561198039318699'
[09:35:19:438250 +01:00] [Thread 6556] extDB3: SQL: Error MariaDBQueryException: Unknown column 'banking_pin' in 'field list'
[09:35:19:438291 +01:00] [Thread 6556] extDB3: SQL: Error MariaDBQueryException: Input: SELECT pid, name, cash, bankacc, adminlevel, donorlevel, civ_licenses, arrested, civ_gear, civ_stats, civ_alive, civ_position, playtime, banking_pin FROM players WHERE pid='76561198039318699'
[09:35:19:702767 +01:00] [Thread 6556] extDB3: SQL: Error MariaDBQueryException: Unknown column 'banking_pin' in 'field list'
[09:35:19:702827 +01:00] [Thread 6556] extDB3: SQL: Error MariaDBQueryException: Input: SELECT pid, name, cash, bankacc, adminlevel, donorlevel, civ_licenses, arrested, civ_gear, civ_stats, civ_alive, civ_position, playtime, banking_pin FROM players WHERE pid='76561198039318699'
[09:35:19:965546 +01:00] [Thread 6556] extDB3: SQL: Error MariaDBQueryException: Unknown column 'banking_pin' in 'field list'
[09:35:19:965574 +01:00] [Thread 6556] extDB3: SQL: Error MariaDBQueryException: Input: SELECT pid, name, cash, bankacc, adminlevel, donorlevel, civ_licenses, arrested, civ_gear, civ_stats, civ_alive, civ_position, playtime, banking_pin FROM players WHERE pid='76561198039318699'
